C:\PERMUTATIVE ASSEMBLER\PERMUTATIVEASSEMBLER\DEBUG\ALLOCCONSOLE.OBJ
C:\Permutative assembler\PermutativeAssembler\Debug\cl.command.1.tlog
C:\Permutative assembler\PermutativeAssembler\Debug\CL.read.1.tlog
C:\Permutative assembler\PermutativeAssembler\Debug\CL.write.1.tlog
C:\PERMUTATIVE ASSEMBLER\PERMUTATIVEASSEMBLER\DEBUG\ENGINE.OBJ
C:\Permutative assembler\PermutativeAssembler\Debug\link.5048.read.1.tlog
C:\Permutative assembler\PermutativeAssembler\Debug\link.5048.write.1.tlog
C:\Permutative assembler\PermutativeAssembler\Debug\link.5048-cvtres.read.1.tlog
C:\Permutative assembler\PermutativeAssembler\Debug\link.5048-cvtres.write.1.tlog
C:\Permutative assembler\PermutativeAssembler\Debug\link.5244.read.1.tlog
C:\Permutative assembler\PermutativeAssembler\Debug\link.5244.write.1.tlog
C:\Permutative assembler\PermutativeAssembler\Debug\link.5244-cvtres.read.1.tlog
C:\Permutative assembler\PermutativeAssembler\Debug\link.5244-cvtres.write.1.tlog
C:\Permutative assembler\PermutativeAssembler\Debug\link.5284.read.1.tlog
C:\Permutative assembler\PermutativeAssembler\Debug\link.5284.write.1.tlog
C:\Permutative assembler\PermutativeAssembler\Debug\link.5284-cvtres.read.1.tlog
C:\Permutative assembler\PermutativeAssembler\Debug\link.5284-cvtres.write.1.tlog
C:\Permutative assembler\PermutativeAssembler\Debug\link.5640.read.1.tlog
C:\Permutative assembler\PermutativeAssembler\Debug\link.5640.write.1.tlog
C:\Permutative assembler\PermutativeAssembler\Debug\link.5640-cvtres.read.1.tlog
C:\Permutative assembler\PermutativeAssembler\Debug\link.5640-cvtres.write.1.tlog
C:\Permutative assembler\PermutativeAssembler\Debug\link.5712.read.1.tlog
C:\Permutative assembler\PermutativeAssembler\Debug\link.5712.write.1.tlog
C:\Permutative assembler\PermutativeAssembler\Debug\link.5712-cvtres.read.1.tlog
C:\Permutative assembler\PermutativeAssembler\Debug\link.5712-cvtres.write.1.tlog
C:\Permutative assembler\PermutativeAssembler\Debug\link.7344.read.1.tlog
C:\Permutative assembler\PermutativeAssembler\Debug\link.7344.write.1.tlog
C:\Permutative assembler\PermutativeAssembler\Debug\link.7344-cvtres.read.1.tlog
C:\Permutative assembler\PermutativeAssembler\Debug\link.7344-cvtres.write.1.tlog
C:\Permutative assembler\PermutativeAssembler\Debug\link.7464.read.1.tlog
C:\Permutative assembler\PermutativeAssembler\Debug\link.7464.write.1.tlog
C:\Permutative assembler\PermutativeAssembler\Debug\link.7464-cvtres.read.1.tlog
C:\Permutative assembler\PermutativeAssembler\Debug\link.7464-cvtres.write.1.tlog
C:\Permutative assembler\PermutativeAssembler\Debug\link.7948.read.1.tlog
C:\Permutative assembler\PermutativeAssembler\Debug\link.7948.write.1.tlog
C:\Permutative assembler\PermutativeAssembler\Debug\link.7948-cvtres.read.1.tlog
C:\Permutative assembler\PermutativeAssembler\Debug\link.7948-cvtres.write.1.tlog
C:\Permutative assembler\PermutativeAssembler\Debug\link.command.1.tlog
C:\Permutative assembler\PermutativeAssembler\Debug\link.read.1.tlog
C:\Permutative assembler\PermutativeAssembler\Debug\link.write.1.tlog
C:\Permutative assembler\PermutativeAssembler\Debug\link-cvtres.read.1.tlog
C:\Permutative assembler\PermutativeAssembler\Debug\link-cvtres.write.1.tlog
C:\Permutative assembler\PermutativeAssembler\Debug\mt.command.1.tlog
C:\Permutative assembler\PermutativeAssembler\Debug\mt.read.1.tlog
C:\Permutative assembler\PermutativeAssembler\Debug\mt.write.1.tlog
C:\PERMUTATIVE ASSEMBLER\PERMUTATIVEASSEMBLER\DEBUG\PERMUTATIVEASSEMBLER.EXE.EMBED.MANIFEST
C:\PERMUTATIVE ASSEMBLER\PERMUTATIVEASSEMBLER\DEBUG\PERMUTATIVEASSEMBLER.EXE.EMBED.MANIFEST.RES
C:\Permutative assembler\PermutativeAssembler\Debug\PermutativeAssembler.exe.intermediate.manifest
C:\Permutative assembler\PermutativeAssembler\Debug\PermutativeAssembler.pdb
C:\Permutative assembler\PermutativeAssembler\Debug\PermutativeAssembler_manifest.rc
C:\PERMUTATIVE ASSEMBLER\PERMUTATIVEASSEMBLER\DEBUG\RANDGENERATOR.OBJ
C:\Permutative assembler\PermutativeAssembler\Debug\rc.command.1.tlog
C:\Permutative assembler\PermutativeAssembler\Debug\rc.read.1.tlog
C:\Permutative assembler\PermutativeAssembler\Debug\rc.write.1.tlog
C:\PERMUTATIVE ASSEMBLER\PERMUTATIVEASSEMBLER\DEBUG\TRASHGEN.OBJ
C:\Permutative assembler\PermutativeAssembler\Debug\vc100.idb
C:\PERMUTATIVE ASSEMBLER\PERMUTATIVEASSEMBLER\DEBUG\VC100.PDB
