Build started 25/12/2013 4:30:54 a.m..
     1>Project "C:\PermutativeAssembler\PermutativeAssembler\PermutativeAssembler.vcxproj" on node 2 (build target(s)).
     1>InitializeBuildStatus:
         Creating "Release\PermutativeAssembler.unsuccessfulbuild" because "AlwaysCreate" was specified.
       ClCompile:
         c:\Program Files (x86)\Microsoft Visual Studio 10.0\VC\bin\CL.exe /c /Zi /nologo /W3 /WX- /O2 /Oi /Oy- /GL /D WIN32 /D NDEBUG /D _CONSOLE /D _UNICODE /D UNICODE /Gm- /EHsc /MD /GS /Gy /fp:precise /Zc:wchar_t /Zc:forScope /Fo"Release\\" /Fd"Release\vc100.pdb" /Gd /TP /analyze- /errorReport:prompt GenerateSTDCALL.cpp
         GenerateSTDCALL.cpp
     1>GenerateSTDCALL.cpp(121): warning C4800: 'unsigned int' : forcing value to bool 'true' or 'false' (performance warning)
       Link:
         c:\Program Files (x86)\Microsoft Visual Studio 10.0\VC\bin\link.exe /ERRORREPORT:PROMPT /OUT:"C:\PermutativeAssembler\PermutativeAssembler\Release\PermutativeAssembler.exe" /INCREMENTAL:NO /NOLOGO kernel32.lib user32.lib gdi32.lib winspool.lib comdlg32.lib advapi32.lib shell32.lib ole32.lib oleaut32.lib uuid.lib odbc32.lib odbccp32.lib /MANIFEST /ManifestFile:"Release\PermutativeAssembler.exe.intermediate.manifest" /MANIFESTUAC:"level='asInvoker' uiAccess='false'" /DEBUG /PDB:"C:\PermutativeAssembler\PermutativeAssembler\Release\PermutativeAssembler.pdb" /SUBSYSTEM:CONSOLE /OPT:REF /OPT:ICF /LTCG /TLBID:1 /DYNAMICBASE /NXCOMPAT /IMPLIB:"C:\PermutativeAssembler\PermutativeAssembler\Release\PermutativeAssembler.lib" /MACHINE:X86 Release\engine.obj
         Release\GenerateAllGlobalProcedures.obj
         Release\GenerateIndividualOpcode.obj
         Release\GenerateMemory.obj
         Release\GenerateRegister.obj
         Release\GenerateSTDCALL.obj
         Release\GenerateVariable.obj
         Release\LookupTable.obj
         Release\RandGenerator.obj
         Release\TrashGen.obj
         Release\WriteToOutput.obj
         Generating code
         Finished generating code
         PermutativeAssembler.vcxproj -> C:\PermutativeAssembler\PermutativeAssembler\Release\PermutativeAssembler.exe
       Manifest:
         C:\Program Files (x86)\Microsoft SDKs\Windows\v7.0A\bin\mt.exe /nologo /verbose /outputresource:"C:\PermutativeAssembler\PermutativeAssembler\Release\PermutativeAssembler.exe;#1" /manifest Release\PermutativeAssembler.exe.intermediate.manifest
       FinalizeBuildStatus:
         Deleting file "Release\PermutativeAssembler.unsuccessfulbuild".
         Touching "Release\PermutativeAssembler.lastbuildstate".
     1>Done Building Project "C:\PermutativeAssembler\PermutativeAssembler\PermutativeAssembler.vcxproj" (build target(s)).

Build succeeded.

Time Elapsed 00:00:04.00
